c:\users\ruben\documents\desktop folders\2e bach informatica\systeemprogrammeren\piescape\project-group10\pi_escape2_part1.dir\debug\vc141.pdb
c:\users\ruben\documents\desktop folders\2e bach informatica\systeemprogrammeren\piescape\project-group10\pi_escape2_part1.dir\debug\render_system.obj
c:\users\ruben\documents\desktop folders\2e bach informatica\systeemprogrammeren\piescape\project-group10\pi_escape2_part1.dir\debug\real_sensors_system.obj
c:\users\ruben\documents\desktop folders\2e bach informatica\systeemprogrammeren\piescape\project-group10\pi_escape2_part1.dir\debug\process_sensor_system.obj
c:\users\ruben\documents\desktop folders\2e bach informatica\systeemprogrammeren\piescape\project-group10\pi_escape2_part1.dir\debug\move_system.obj
c:\users\ruben\documents\desktop folders\2e bach informatica\systeemprogrammeren\piescape\project-group10\pi_escape2_part1.dir\debug\lock_system.obj
c:\users\ruben\documents\desktop folders\2e bach informatica\systeemprogrammeren\piescape\project-group10\pi_escape2_part1.dir\debug\input_system.obj
c:\users\ruben\documents\desktop folders\2e bach informatica\systeemprogrammeren\piescape\project-group10\pi_escape2_part1.dir\debug\endlevel_system.obj
c:\users\ruben\documents\desktop folders\2e bach informatica\systeemprogrammeren\piescape\project-group10\pi_escape2_part1.dir\debug\container_system.obj
c:\users\ruben\documents\desktop folders\2e bach informatica\systeemprogrammeren\piescape\project-group10\pi_escape2_part1.dir\debug\camera_system.obj
c:\users\ruben\documents\desktop folders\2e bach informatica\systeemprogrammeren\piescape\project-group10\pi_escape2_part1.dir\debug\animation_system.obj
c:\users\ruben\documents\desktop folders\2e bach informatica\systeemprogrammeren\piescape\project-group10\pi_escape2_part1.dir\debug\activation_system.obj
c:\users\ruben\documents\desktop folders\2e bach informatica\systeemprogrammeren\piescape\project-group10\pi_escape2_part1.dir\debug\action_system.obj
c:\users\ruben\documents\desktop folders\2e bach informatica\systeemprogrammeren\piescape\project-group10\pi_escape2_part1.dir\debug\game.obj
c:\users\ruben\documents\desktop folders\2e bach informatica\systeemprogrammeren\piescape\project-group10\pi_escape2_part1.dir\debug\es_memory_manager_collections.obj
c:\users\ruben\documents\desktop folders\2e bach informatica\systeemprogrammeren\piescape\project-group10\pi_escape2_part1.dir\debug\es_memory_manager.obj
c:\users\ruben\documents\desktop folders\2e bach informatica\systeemprogrammeren\piescape\project-group10\pi_escape2_part1.dir\debug\engine.obj
c:\users\ruben\documents\desktop folders\2e bach informatica\systeemprogrammeren\piescape\project-group10\pi_escape2_part1.dir\debug\context.obj
c:\users\ruben\documents\desktop folders\2e bach informatica\systeemprogrammeren\piescape\project-group10\pi_escape2_part1.dir\debug\assemblage.obj
c:\users\ruben\documents\desktop folders\2e bach informatica\systeemprogrammeren\piescape\project-group10\pi_escape2_part1.dir\debug\levelloader.obj
c:\users\ruben\documents\desktop folders\2e bach informatica\systeemprogrammeren\piescape\project-group10\pi_escape2_part1.dir\debug\pi_escape2_part1_main.obj
c:\users\ruben\documents\desktop folders\2e bach informatica\systeemprogrammeren\piescape\project-group10\pi_escape2_part1.dir\debug\sense_led.obj
c:\users\ruben\documents\desktop folders\2e bach informatica\systeemprogrammeren\piescape\project-group10\pi_escape2_part1.dir\debug\glmc_vector.obj
c:\users\ruben\documents\desktop folders\2e bach informatica\systeemprogrammeren\piescape\project-group10\pi_escape2_part1.dir\debug\glmc_model.obj
c:\users\ruben\documents\desktop folders\2e bach informatica\systeemprogrammeren\piescape\project-group10\pi_escape2_part1.dir\debug\glmc_matrix.obj
c:\users\ruben\documents\desktop folders\2e bach informatica\systeemprogrammeren\piescape\project-group10\pi_escape2_part1.dir\debug\opengl_game_renderer.obj
c:\users\ruben\documents\desktop folders\2e bach informatica\systeemprogrammeren\piescape\project-group10\pi_escape2_part1.dir\debug\globject.obj
c:\users\ruben\documents\desktop folders\2e bach informatica\systeemprogrammeren\piescape\project-group10\pi_escape2_part1.dir\debug\gl_wall.obj
c:\users\ruben\documents\desktop folders\2e bach informatica\systeemprogrammeren\piescape\project-group10\pi_escape2_part1.dir\debug\gl_proctex_object.obj
c:\users\ruben\documents\desktop folders\2e bach informatica\systeemprogrammeren\piescape\project-group10\pi_escape2_part1.dir\debug\gl_player.obj
c:\users\ruben\documents\desktop folders\2e bach informatica\systeemprogrammeren\piescape\project-group10\pi_escape2_part1.dir\debug\gl_lock.obj
c:\users\ruben\documents\desktop folders\2e bach informatica\systeemprogrammeren\piescape\project-group10\pi_escape2_part1.dir\debug\gl_key.obj
c:\users\ruben\documents\desktop folders\2e bach informatica\systeemprogrammeren\piescape\project-group10\pi_escape2_part1.dir\debug\gl_glyph.obj
c:\users\ruben\documents\desktop folders\2e bach informatica\systeemprogrammeren\piescape\project-group10\pi_escape2_part1.dir\debug\gl_floor.obj
c:\users\ruben\documents\desktop folders\2e bach informatica\systeemprogrammeren\piescape\project-group10\pi_escape2_part1.dir\debug\gl_door.obj
c:\users\ruben\documents\desktop folders\2e bach informatica\systeemprogrammeren\piescape\project-group10\pi_escape2_part1.dir\debug\gl_connector_center.obj
c:\users\ruben\documents\desktop folders\2e bach informatica\systeemprogrammeren\piescape\project-group10\pi_escape2_part1.dir\debug\gl_connector.obj
c:\users\ruben\documents\desktop folders\2e bach informatica\systeemprogrammeren\piescape\project-group10\pi_escape2_part1.dir\debug\sleep.obj
c:\users\ruben\documents\desktop folders\2e bach informatica\systeemprogrammeren\piescape\project-group10\pi_escape2_part1.dir\debug\util.obj
c:\users\ruben\documents\desktop folders\2e bach informatica\systeemprogrammeren\piescape\project-group10\pi_escape2_part1.dir\debug\fake_led.obj
c:\users\ruben\documents\desktop folders\2e bach informatica\systeemprogrammeren\piescape\project-group10\cmakefiles\generate.stamp
c:\users\ruben\documents\desktop folders\2e bach informatica\systeemprogrammeren\piescape\project-group10\debug\pi_escape2_part1.pdb
c:\users\ruben\documents\desktop folders\2e bach informatica\systeemprogrammeren\piescape\project-group10\pi_escape2_part1.dir\debug\pi_escape2_part1.tlog\cl.command.1.tlog
c:\users\ruben\documents\desktop folders\2e bach informatica\systeemprogrammeren\piescape\project-group10\pi_escape2_part1.dir\debug\pi_escape2_part1.tlog\cl.read.1.tlog
c:\users\ruben\documents\desktop folders\2e bach informatica\systeemprogrammeren\piescape\project-group10\pi_escape2_part1.dir\debug\pi_escape2_part1.tlog\cl.write.1.tlog
c:\users\ruben\documents\desktop folders\2e bach informatica\systeemprogrammeren\piescape\project-group10\pi_escape2_part1.dir\debug\pi_escape2_part1.tlog\custombuild.command.1.tlog
c:\users\ruben\documents\desktop folders\2e bach informatica\systeemprogrammeren\piescape\project-group10\pi_escape2_part1.dir\debug\pi_escape2_part1.tlog\custombuild.read.1.tlog
c:\users\ruben\documents\desktop folders\2e bach informatica\systeemprogrammeren\piescape\project-group10\pi_escape2_part1.dir\debug\pi_escape2_part1.tlog\custombuild.write.1.tlog
c:\users\ruben\documents\desktop folders\2e bach informatica\systeemprogrammeren\piescape\project-group10\pi_escape2_part1.dir\debug\pi_escape2_part1.tlog\link.12980-cvtres.read.1.tlog
c:\users\ruben\documents\desktop folders\2e bach informatica\systeemprogrammeren\piescape\project-group10\pi_escape2_part1.dir\debug\pi_escape2_part1.tlog\link.12980-cvtres.write.1.tlog
c:\users\ruben\documents\desktop folders\2e bach informatica\systeemprogrammeren\piescape\project-group10\pi_escape2_part1.dir\debug\pi_escape2_part1.tlog\link.12980-rc.read.1.tlog
c:\users\ruben\documents\desktop folders\2e bach informatica\systeemprogrammeren\piescape\project-group10\pi_escape2_part1.dir\debug\pi_escape2_part1.tlog\link.12980-rc.write.1.tlog
c:\users\ruben\documents\desktop folders\2e bach informatica\systeemprogrammeren\piescape\project-group10\pi_escape2_part1.dir\debug\pi_escape2_part1.tlog\link.12980.read.1.tlog
c:\users\ruben\documents\desktop folders\2e bach informatica\systeemprogrammeren\piescape\project-group10\pi_escape2_part1.dir\debug\pi_escape2_part1.tlog\link.12980.write.1.tlog
c:\users\ruben\documents\desktop folders\2e bach informatica\systeemprogrammeren\piescape\project-group10\pi_escape2_part1.dir\debug\pi_escape2_part1.tlog\link.command.1.tlog
c:\users\ruben\documents\desktop folders\2e bach informatica\systeemprogrammeren\piescape\project-group10\pi_escape2_part1.dir\debug\pi_escape2_part1.tlog\link.read.1.tlog
c:\users\ruben\documents\desktop folders\2e bach informatica\systeemprogrammeren\piescape\project-group10\pi_escape2_part1.dir\debug\pi_escape2_part1.tlog\link.write.1.tlog
